22.05.2019 9:12:43	Этот журнал содержит сведения об операции импорта схемы в проект "DatabaseLab_11" на компьютере "НИК-ПК", выполненной пользователем "Ник".
22.05.2019 9:12:43	Импорт схемы базы данных начат.
22.05.2019 9:12:58	Идет сбор параметров базы данных
22.05.2019 9:12:58	Идет сбор пользователей
22.05.2019 9:12:58	Идет сбор ролей
22.05.2019 9:12:58	Идет сбор ролей приложений
22.05.2019 9:12:58	Идет сбор членств ролей
22.05.2019 9:12:59	Идет сбор файловых групп
22.05.2019 9:12:59	Идет сбор полнотекстовых каталогов
22.05.2019 9:12:59	Идет сбор сборок
22.05.2019 9:12:59	Идет сбор сертификатов
22.05.2019 9:12:59	Идет сбор асимметричных ключей
22.05.2019 9:12:59	Идет сбор симметричных ключей
22.05.2019 9:12:59	Идет сбор зашифрованных симметричных ключей
22.05.2019 9:12:59	Идет сбор схем
22.05.2019 9:13:00	Идет сбор коллекции схем XML
22.05.2019 9:13:00	Идет сбор определяемых пользователем типов данных
22.05.2019 9:13:00	Идет сбор определяемых пользователем типов
22.05.2019 9:13:00	Идет сбор табличных типов
22.05.2019 9:13:00	Сбор уникальных ключей для табличных типов
22.05.2019 9:13:00	Идет сбор первичных ключей для табличных типов
22.05.2019 9:13:00	Сбор индексов для табличных типов
22.05.2019 9:13:01	Идет сбор проверочных ограничений для табличных типов
22.05.2019 9:13:01	Идет сбор ограничений по умолчанию для табличных типов
22.05.2019 9:13:01	Идет сбор функций секционирования
22.05.2019 9:13:01	Идет сбор схем секционирования
22.05.2019 9:13:01	Идет сбор функций
22.05.2019 9:13:01	Сбор зашифрованных функций
22.05.2019 9:13:01	Идет сбор статистических выражений
22.05.2019 9:13:01	Идет сбор процедур
22.05.2019 9:13:01	Сбор зашифрованных процедур
22.05.2019 9:13:01	Идет сбор таблиц
22.05.2019 9:13:01	Идет сбор первичных ключей
22.05.2019 9:13:01	Идет сбор ограничений уникальности
22.05.2019 9:13:01	Идет сбор внешних ключей
22.05.2019 9:13:01	Идет сбор ограничений по умолчанию
22.05.2019 9:13:01	Идет сбор проверочных ограничений
22.05.2019 9:13:01	Идет сбор представлений
22.05.2019 9:13:01	Сбор зашифрованных представлений
22.05.2019 9:13:01	Идет сбор индексов
22.05.2019 9:13:01	Идет сбор статистики
22.05.2019 9:13:01	Идет сбор списков стоп-слов полнотекстовых индексов
22.05.2019 9:13:01	Сбор списков свойств поиска
22.05.2019 9:13:01	Сбор свойств поиска
22.05.2019 9:13:01	Идет сбор полнотекстовых индексов
22.05.2019 9:13:01	Сбор индексов хранилища столбцов
22.05.2019 9:13:01	Идет сбор пространственных индексов
22.05.2019 9:13:01	Идет сбор XML-индексов
22.05.2019 9:13:01	Сбор селективных XML-индексов
22.05.2019 9:13:01	Сбор зашифрованных триггеров
22.05.2019 9:13:01	Идет сбор триггеров
22.05.2019 9:13:01	Идет сбор зашифрованных триггеров и триггеров ddl clr
22.05.2019 9:13:01	Идет сбор триггеров ddl
22.05.2019 9:13:02	Идет сбор синонимов
22.05.2019 9:13:02	Идет сбор значений по умолчанию
22.05.2019 9:13:02	Идет сбор привязок uddt ограничений данных
22.05.2019 9:13:02	Идет сбор правил
22.05.2019 9:13:02	Идет сбор привязок uddt ограничений данных
22.05.2019 9:13:02	Идет сбор типов сообщений
22.05.2019 9:13:02	Идет сбор списков ожидания
22.05.2019 9:13:02	Идет сбор контрактов
22.05.2019 9:13:02	Идет сбор служб
22.05.2019 9:13:02	Идет сбор уведомлений о событиях
22.05.2019 9:13:02	Идет сбор привязок удаленных служб
22.05.2019 9:13:02	Идет сбор приоритетов брокера
22.05.2019 9:13:02	Идет сбор подписей
22.05.2019 9:13:02	Идет сбор параметров сжатия данных
22.05.2019 9:13:02	Сбор типов последовательностей
22.05.2019 9:13:02	Идет сбор расширенных свойств
22.05.2019 9:13:02	Идет сбор учетных данных
22.05.2019 9:13:02	Идет сбор имен входа
22.05.2019 9:13:02	Идет сбор аудитов сервера
22.05.2019 9:13:03	Выполняется проверка проекта на наличие повторяющихся элементов
22.05.2019 9:13:03	Обработка повторяющегося элемента завершена
22.05.2019 9:13:03	Импорт базы данных завершен.
22.05.2019 9:13:03	summary операции импорта была сохранена по следующему пути: C:\Users\Ник\source\repos\Csharp_Lab_2\DatabaseLab_11\Журналы импорта схем\DatabaseLab_11_20190522061243.log
22.05.2019 9:13:03	Для продолжения нажмите кнопку ''Готово''...
