15.05.2019 20:17:23	Этот журнал содержит сведения об операции импорта схемы в проект "Database1" на компьютере "НИК-ПК", выполненной пользователем "Ник".
15.05.2019 20:17:24	Импорт схемы базы данных начат.
15.05.2019 20:17:38	Идет сбор параметров базы данных
15.05.2019 20:17:38	Идет сбор пользователей
15.05.2019 20:17:38	Идет сбор ролей
15.05.2019 20:17:38	Идет сбор ролей приложений
15.05.2019 20:17:38	Идет сбор членств ролей
15.05.2019 20:17:38	Идет сбор файловых групп
15.05.2019 20:17:38	Идет сбор полнотекстовых каталогов
15.05.2019 20:17:38	Идет сбор сборок
15.05.2019 20:17:38	Идет сбор сертификатов
15.05.2019 20:17:38	Идет сбор асимметричных ключей
15.05.2019 20:17:38	Идет сбор симметричных ключей
15.05.2019 20:17:38	Идет сбор зашифрованных симметричных ключей
15.05.2019 20:17:38	Идет сбор схем
15.05.2019 20:17:38	Идет сбор коллекции схем XML
15.05.2019 20:17:38	Идет сбор определяемых пользователем типов данных
15.05.2019 20:17:38	Идет сбор определяемых пользователем типов
15.05.2019 20:17:38	Идет сбор табличных типов
15.05.2019 20:17:38	Сбор уникальных ключей для табличных типов
15.05.2019 20:17:38	Идет сбор первичных ключей для табличных типов
15.05.2019 20:17:38	Сбор индексов для табличных типов
15.05.2019 20:17:38	Идет сбор проверочных ограничений для табличных типов
15.05.2019 20:17:38	Идет сбор ограничений по умолчанию для табличных типов
15.05.2019 20:17:38	Идет сбор функций секционирования
15.05.2019 20:17:38	Идет сбор схем секционирования
15.05.2019 20:17:38	Идет сбор функций
15.05.2019 20:17:38	Сбор зашифрованных функций
15.05.2019 20:17:38	Идет сбор статистических выражений
15.05.2019 20:17:38	Идет сбор процедур
15.05.2019 20:17:38	Сбор зашифрованных процедур
15.05.2019 20:17:38	Идет сбор таблиц
15.05.2019 20:17:38	Идет сбор первичных ключей
15.05.2019 20:17:38	Идет сбор ограничений уникальности
15.05.2019 20:17:38	Идет сбор внешних ключей
15.05.2019 20:17:38	Идет сбор ограничений по умолчанию
15.05.2019 20:17:38	Идет сбор проверочных ограничений
15.05.2019 20:17:38	Идет сбор представлений
15.05.2019 20:17:38	Сбор зашифрованных представлений
15.05.2019 20:17:38	Идет сбор индексов
15.05.2019 20:17:39	Идет сбор статистики
15.05.2019 20:17:39	Идет сбор списков стоп-слов полнотекстовых индексов
15.05.2019 20:17:39	Сбор списков свойств поиска
15.05.2019 20:17:39	Сбор свойств поиска
15.05.2019 20:17:39	Идет сбор полнотекстовых индексов
15.05.2019 20:17:39	Сбор индексов хранилища столбцов
15.05.2019 20:17:39	Идет сбор пространственных индексов
15.05.2019 20:17:39	Идет сбор XML-индексов
15.05.2019 20:17:39	Сбор селективных XML-индексов
15.05.2019 20:17:39	Сбор зашифрованных триггеров
15.05.2019 20:17:39	Идет сбор триггеров
15.05.2019 20:17:39	Идет сбор зашифрованных триггеров и триггеров ddl clr
15.05.2019 20:17:39	Идет сбор триггеров ddl
15.05.2019 20:17:39	Идет сбор синонимов
15.05.2019 20:17:39	Идет сбор значений по умолчанию
15.05.2019 20:17:39	Идет сбор привязок uddt ограничений данных
15.05.2019 20:17:39	Идет сбор правил
15.05.2019 20:17:39	Идет сбор привязок uddt ограничений данных
15.05.2019 20:17:39	Идет сбор типов сообщений
15.05.2019 20:17:39	Идет сбор списков ожидания
15.05.2019 20:17:39	Идет сбор контрактов
15.05.2019 20:17:39	Идет сбор служб
15.05.2019 20:17:39	Идет сбор уведомлений о событиях
15.05.2019 20:17:39	Идет сбор привязок удаленных служб
15.05.2019 20:17:39	Идет сбор приоритетов брокера
15.05.2019 20:17:39	Идет сбор подписей
15.05.2019 20:17:39	Идет сбор параметров сжатия данных
15.05.2019 20:17:39	Сбор типов последовательностей
15.05.2019 20:17:39	Идет сбор расширенных свойств
15.05.2019 20:17:39	Идет сбор учетных данных
15.05.2019 20:17:39	Идет сбор имен входа
15.05.2019 20:17:39	Идет сбор аудитов сервера
15.05.2019 20:17:39	Выполняется проверка проекта на наличие повторяющихся элементов
15.05.2019 20:17:39	Обработка повторяющегося элемента завершена
15.05.2019 20:17:39	Импорт базы данных завершен.
15.05.2019 20:17:39	summary операции импорта была сохранена по следующему пути: C:\Users\Ник\source\repos\Csharp_Lab_2\Database1\Журналы импорта схем\Database1_20190515051723.log
15.05.2019 20:17:39	Для продолжения нажмите кнопку ''Готово''...
